f:\code\kinect\bodybasics-d2d-mousecontrol\debug\vc120.pdb
f:\code\kinect\bodybasics-d2d-mousecontrol\debug\vc120.idb
f:\code\kinect\bodybasics-d2d-mousecontrol\debug\bodybasics.obj
f:\code\kinect\bodybasics-d2d-mousecontrol\debug\filter.obj
f:\code\kinect\bodybasics-d2d-mousecontrol\debug\dollar.obj
f:\code\kinect\bodybasics-d2d-mousecontrol\debug\bodybasics-d2d.ilk
f:\code\kinect\bodybasics-d2d-mousecontrol\debug\bodybasics-d2d.exe
f:\code\kinect\bodybasics-d2d-mousecontrol\debug\bodybasics-d2d.pdb
f:\code\kinect\bodybasics-d2d-mousecontrol\debug\bodybasics.res
f:\code\kinect\bodybasics-d2d-mousecontrol\debug\console.obj
f:\code\kinect\bodybasics-d2d-mousecontrol\debug\main.obj
f:\code\kinect\bodybasics-d2d-mousecontrol\debug\paint.obj
f:\code\kinect\bodybasics-d2d-mousecontrol\debug\gesturetestnew.ilk
f:\code\kinect\bodybasics-d2d-mousecontrol\debug\gesturetestnew.pdb
f:\code\kinect\bodybasics-d2d-mousecontrol\debug\bodybasics-d2d.tlog\cl.command.1.tlog
f:\code\kinect\bodybasics-d2d-mousecontrol\debug\bodybasics-d2d.tlog\cl.read.1.tlog
f:\code\kinect\bodybasics-d2d-mousecontrol\debug\bodybasics-d2d.tlog\cl.write.1.tlog
f:\code\kinect\bodybasics-d2d-mousecontrol\debug\bodybasics-d2d.tlog\link.command.1.tlog
f:\code\kinect\bodybasics-d2d-mousecontrol\debug\bodybasics-d2d.tlog\link.read.1.tlog
f:\code\kinect\bodybasics-d2d-mousecontrol\debug\bodybasics-d2d.tlog\link.write.1.tlog
f:\code\kinect\bodybasics-d2d-mousecontrol\debug\bodybasics-d2d.tlog\rc.command.1.tlog
f:\code\kinect\bodybasics-d2d-mousecontrol\debug\bodybasics-d2d.tlog\rc.read.1.tlog
f:\code\kinect\bodybasics-d2d-mousecontrol\debug\bodybasics-d2d.tlog\rc.write.1.tlog
