生成启动时间为 2016/1/25 19:30:39。
     1>项目“E:\Projects\Visual Studio\KinectInteraction\BodyBasics-D2D.vcxproj”在节点 2 上(Build 个目标)。
     1>ClCompile:
         E:\ProgramFiles\Microsoft Visual Studio 12.0\VC\bin\CL.exe /c /Zi /nologo /W1 /WX- /O2 /Oi /Oy- /GL /D WIN32 /D NDEBUG /D _WINDOWS /D _UNICODE /D UNICODE /Gm- /EHsc /MD /GS /Gy /fp:precise /Zc:wchar_t /Zc:forScope /Fo"Release\\" /Fd"Release\vc120.pdb" /Gd /TP /analyze- /errorReport:prompt BodyBasics.cpp dollar.cpp filter.cpp Matrix.cpp
         BodyBasics.cpp
         dollar.cpp
     1>dollar.cpp : warning C4819: 该文件包含不能在当前代码页(936)中表示的字符。请将该文件保存为 Unicode 格式以防止数据丢失
         filter.cpp
         Matrix.cpp
       ResourceCompile:
         C:\Program Files (x86)\Windows Kits\8.1\bin\x86\rc.exe /D _UNICODE /D UNICODE /l"0x0409" /nologo /fo"Release\BodyBasics.res" BodyBasics.rc 
       Link:
         E:\ProgramFiles\Microsoft Visual Studio 12.0\VC\bin\link.exe /ERRORREPORT:PROMPT /OUT:"E:\Projects\Visual Studio\KinectInteraction\Release\BodyBasics-D2D.exe" /INCREMENTAL:NO /NOLOGO kinect20.lib kernel32.lib user32.lib gdi32.lib winspool.lib comdlg32.lib advapi32.lib shell32.lib ole32.lib oleaut32.lib uuid.lib odbc32.lib odbccp32.lib kernel32.lib user32.lib gdi32.lib winspool.lib comdlg32.lib advapi32.lib shell32.lib ole32.lib oleaut32.lib uuid.lib odbc32.lib odbccp32.lib /MANIFEST /MANIFESTUAC:"level='asInvoker' uiAccess='false'" /manifest:embed /DEBUG /PDB:"E:\Projects\Visual Studio\KinectInteraction\Release\BodyBasics-D2D.pdb" /SUBSYSTEM:WINDOWS /OPT:REF /OPT:ICF /LTCG /TLBID:1 /DYNAMICBASE /NXCOMPAT /IMPLIB:"E:\Projects\Visual Studio\KinectInteraction\Release\BodyBasics-D2D.lib" /MACHINE:X86 /SAFESEH Release\BodyBasics.res
         Release\BodyBasics.obj
         Release\dollar.obj
         Release\filter.obj
         Release\Matrix.obj
         正在生成代码
         已完成代码的生成
         BodyBasics-D2D.vcxproj -> E:\Projects\Visual Studio\KinectInteraction\Release\BodyBasics-D2D.exe
     1>已完成生成项目“E:\Projects\Visual Studio\KinectInteraction\BodyBasics-D2D.vcxproj”(Build 个目标)的操作。

生成成功。

已用时间 00:00:05.07
